[debug] [2020-06-02T22:26:58.945Z] ----------------------------------------------------------------------
[debug] [2020-06-02T22:26:58.952Z] Command:       C:\Program Files\nodejs\node.exe C:\Users\Shanu\AppData\Roaming\npm\node_modules\firebase-tools\lib\bin\firebase.js login
[debug] [2020-06-02T22:26:58.953Z] CLI Version:   8.4.1
[debug] [2020-06-02T22:26:58.954Z] Platform:      win32
[debug] [2020-06-02T22:26:58.954Z] Node Version:  v12.16.1
[debug] [2020-06-02T22:26:58.957Z] Time:          Wed Jun 03 2020 03:56:58 GMT+0530 (India Standard Time)
[debug] [2020-06-02T22:26:58.957Z] ----------------------------------------------------------------------
[debug] [2020-06-02T22:26:58.958Z] 
[info] i  Firebase optionally collects CLI usage and error reporting information to help improve our products. Data is collected in accordance with Google's privacy policy (https://policies.google.com/privacy) and is not used to identify you.
 
[info] i  To change your data collection preference at any time, run `firebase logout` and log in again. 
[info] 
[info] Visit this URL on this device to log in:
[info] https://accounts.google.com/o/oauth2/auth?client_id=563584335869-fgrhgmd47bqnekij5i8b5pr03ho849e6.apps.googleusercontent.com&scope=email%20openid%20https%3A%2F%2Fwww.googleapis.com%2Fauth%2Fcloudplatformprojects.readonly%20https%3A%2F%2Fwww.googleapis.com%2Fauth%2Ffirebase%20https%3A%2F%2Fwww.googleapis.com%2Fauth%2Fcloud-platform&response_type=code&state=957417719&redirect_uri=http%3A%2F%2Flocalhost%3A9005
[info] 
[info] Waiting for authentication...
[debug] [2020-06-02T22:27:21.064Z] Error: spawn cmd ENOENT
    at Process.ChildProcess._handle.onexit (internal/child_process.js:267:19)
    at onErrorNT (internal/child_process.js:469:16)
    at processTicksAndRejections (internal/process/task_queues.js:84:21)
[error] 
[error] Error: An unexpected error has occurred.
[debug] [2020-06-02T22:30:58.562Z] ----------------------------------------------------------------------
[debug] [2020-06-02T22:30:58.568Z] Command:       C:\Program Files\nodejs\node.exe C:\Users\Shanu\AppData\Roaming\npm\node_modules\firebase-tools\lib\bin\firebase.js login
[debug] [2020-06-02T22:30:58.568Z] CLI Version:   8.4.1
[debug] [2020-06-02T22:30:58.569Z] Platform:      win32
[debug] [2020-06-02T22:30:58.569Z] Node Version:  v12.16.1
[debug] [2020-06-02T22:30:58.571Z] Time:          Wed Jun 03 2020 04:00:58 GMT+0530 (India Standard Time)
[debug] [2020-06-02T22:30:58.572Z] ----------------------------------------------------------------------
[debug] [2020-06-02T22:30:58.572Z] 
[info] i  Firebase optionally collects CLI usage and error reporting information to help improve our products. Data is collected in accordance with Google's privacy policy (https://policies.google.com/privacy) and is not used to identify you.
 
[info] i  To change your data collection preference at any time, run `firebase logout` and log in again. 
[info] 
[info] Visit this URL on this device to log in:
[info] https://accounts.google.com/o/oauth2/auth?client_id=563584335869-fgrhgmd47bqnekij5i8b5pr03ho849e6.apps.googleusercontent.com&scope=email%20openid%20https%3A%2F%2Fwww.googleapis.com%2Fauth%2Fcloudplatformprojects.readonly%20https%3A%2F%2Fwww.googleapis.com%2Fauth%2Ffirebase%20https%3A%2F%2Fwww.googleapis.com%2Fauth%2Fcloud-platform&response_type=code&state=950163612&redirect_uri=http%3A%2F%2Flocalhost%3A9005
[info] 
[info] Waiting for authentication...
[debug] [2020-06-02T22:32:48.373Z] Error: spawn cmd ENOENT
    at Process.ChildProcess._handle.onexit (internal/child_process.js:267:19)
    at onErrorNT (internal/child_process.js:469:16)
    at processTicksAndRejections (internal/process/task_queues.js:84:21)
[error] 
[error] Error: An unexpected error has occurred.
[debug] [2020-06-02T22:49:30.462Z] ----------------------------------------------------------------------
[debug] [2020-06-02T22:49:30.468Z] Command:       C:\Program Files\nodejs\node.exe C:\Users\Shanu\AppData\Roaming\npm\node_modules\firebase-tools\lib\bin\firebase.js login
[debug] [2020-06-02T22:49:30.469Z] CLI Version:   8.4.1
[debug] [2020-06-02T22:49:30.470Z] Platform:      win32
[debug] [2020-06-02T22:49:30.470Z] Node Version:  v12.16.1
[debug] [2020-06-02T22:49:30.472Z] Time:          Wed Jun 03 2020 04:19:30 GMT+0530 (India Standard Time)
[debug] [2020-06-02T22:49:30.473Z] ----------------------------------------------------------------------
[debug] [2020-06-02T22:49:30.473Z] 
[info] i  Firebase optionally collects CLI usage and error reporting information to help improve our products. Data is collected in accordance with Google's privacy policy (https://policies.google.com/privacy) and is not used to identify you.
 
[info] i  To change your data collection preference at any time, run `firebase logout` and log in again. 
[info] 
[info] Visit this URL on this device to log in:
[info] https://accounts.google.com/o/oauth2/auth?client_id=563584335869-fgrhgmd47bqnekij5i8b5pr03ho849e6.apps.googleusercontent.com&scope=email%20openid%20https%3A%2F%2Fwww.googleapis.com%2Fauth%2Fcloudplatformprojects.readonly%20https%3A%2F%2Fwww.googleapis.com%2Fauth%2Ffirebase%20https%3A%2F%2Fwww.googleapis.com%2Fauth%2Fcloud-platform&response_type=code&state=989770461&redirect_uri=http%3A%2F%2Flocalhost%3A9005
[info] 
[info] Waiting for authentication...
[debug] [2020-06-02T22:49:36.778Z] Error: spawn cmd ENOENT
    at Process.ChildProcess._handle.onexit (internal/child_process.js:267:19)
    at onErrorNT (internal/child_process.js:469:16)
    at processTicksAndRejections (internal/process/task_queues.js:84:21)
[error] 
[error] Error: An unexpected error has occurred.
[debug] [2020-06-02T22:51:04.282Z] ----------------------------------------------------------------------
[debug] [2020-06-02T22:51:04.288Z] Command:       C:\Program Files\nodejs\node.exe C:\Users\Shanu\AppData\Roaming\npm\node_modules\firebase-tools\lib\bin\firebase.js login
[debug] [2020-06-02T22:51:04.289Z] CLI Version:   8.4.1
[debug] [2020-06-02T22:51:04.289Z] Platform:      win32
[debug] [2020-06-02T22:51:04.289Z] Node Version:  v12.16.1
[debug] [2020-06-02T22:51:04.292Z] Time:          Wed Jun 03 2020 04:21:04 GMT+0530 (India Standard Time)
[debug] [2020-06-02T22:51:04.292Z] ----------------------------------------------------------------------
[debug] [2020-06-02T22:51:04.292Z] 
[info] i  Firebase optionally collects CLI usage and error reporting information to help improve our products. Data is collected in accordance with Google's privacy policy (https://policies.google.com/privacy) and is not used to identify you.
 
[info] i  To change your data collection preference at any time, run `firebase logout` and log in again. 
[info] 
[info] Visit this URL on this device to log in:
[info] https://accounts.google.com/o/oauth2/auth?client_id=563584335869-fgrhgmd47bqnekij5i8b5pr03ho849e6.apps.googleusercontent.com&scope=email%20openid%20https%3A%2F%2Fwww.googleapis.com%2Fauth%2Fcloudplatformprojects.readonly%20https%3A%2F%2Fwww.googleapis.com%2Fauth%2Ffirebase%20https%3A%2F%2Fwww.googleapis.com%2Fauth%2Fcloud-platform&response_type=code&state=393861677&redirect_uri=http%3A%2F%2Flocalhost%3A9005
[info] 
[info] Waiting for authentication...
[debug] [2020-06-02T22:51:19.371Z] Error: spawn cmd ENOENT
    at Process.ChildProcess._handle.onexit (internal/child_process.js:267:19)
    at onErrorNT (internal/child_process.js:469:16)
    at processTicksAndRejections (internal/process/task_queues.js:84:21)
[error] 
[error] Error: An unexpected error has occurred.
